[0.244s] DEBUG:colcon:Command line arguments: ['/usr/bin/colcon', 'list', '-p', '--base-paths', '/home/mrinmoy/hovercraft_ws']
[0.244s] DEBUG:colcon:Parsed command line arguments: Namespace(log_base=None, log_level=None, verb_name='list', build_base='build', ignore_user_meta=False, metas=['./colcon.meta'], base_paths=['/home/mrinmoy/hovercraft_ws'], packages_ignore=None, packages_ignore_regex=None, paths=None, packages_up_to=None, packages_up_to_regex=None, packages_above=None, packages_above_and_dependencies=None, packages_above_depth=None, packages_select_by_dep=None, packages_skip_by_dep=None, packages_skip_up_to=None, packages_select_build_failed=False, packages_skip_build_finished=False, packages_select_test_failures=False, packages_skip_test_passed=False, packages_select=None, packages_skip=None, packages_select_regex=None, packages_skip_regex=None, packages_start=None, packages_end=None, allow_overriding=[], topological_order=False, names_only=False, paths_only=True, topological_graph=False, topological_graph_dot=False, topological_graph_density=False, topological_graph_legend=False, topological_graph_dot_cluster=False, topological_graph_dot_include_skipped=False, mixin_files=None, mixin=None, verb_parser=<colcon_mixin.mixin.mixin_argument.MixinArgumentDecorator object at 0x70b0701981d0>, verb_extension=<colcon_package_information.verb.list.ListVerb object at 0x70b07016f140>, main=<bound method ListVerb.main of <colcon_package_information.verb.list.ListVerb object at 0x70b07016f140>>, mixin_verb=('list',))
[0.345s] Level 1:colcon.colcon_core.package_discovery:discover_packages(colcon_meta) check parameters
[0.346s] Level 1:colcon.colcon_core.package_discovery:discover_packages(recursive) check parameters
[0.346s] Level 1:colcon.colcon_core.package_discovery:discover_packages(ignore) check parameters
[0.346s] Level 1:colcon.colcon_core.package_discovery:discover_packages(path) check parameters
[0.346s] Level 1:colcon.colcon_core.package_discovery:discover_packages(recursive) discover
[0.346s] INFO:colcon.colcon_core.package_discovery:Crawling recursively for packages in '/home/mrinmoy/hovercraft_ws'
[0.346s] Level 1:colcon.colcon_core.package_identification:_identify(/home/mrinmoy/hovercraft_ws) by extensions ['ignore', 'ignore_ament_install']
[0.346s] Level 1:colcon.colcon_core.package_identification:_identify(/home/mrinmoy/hovercraft_ws) by extension 'ignore'
[0.347s] Level 1:colcon.colcon_core.package_identification:_identify(/home/mrinmoy/hovercraft_ws) by extension 'ignore_ament_install'
[0.347s] Level 1:colcon.colcon_core.package_identification:_identify(/home/mrinmoy/hovercraft_ws) by extensions ['colcon_pkg']
[0.347s] Level 1:colcon.colcon_core.package_identification:_identify(/home/mrinmoy/hovercraft_ws) by extension 'colcon_pkg'
[0.347s] Level 1:colcon.colcon_core.package_identification:_identify(/home/mrinmoy/hovercraft_ws) by extensions ['colcon_meta']
[0.347s] Level 1:colcon.colcon_core.package_identification:_identify(/home/mrinmoy/hovercraft_ws) by extension 'colcon_meta'
[0.347s] Level 1:colcon.colcon_core.package_identification:_identify(/home/mrinmoy/hovercraft_ws) by extensions ['ros']
[0.347s] Level 1:colcon.colcon_core.package_identification:_identify(/home/mrinmoy/hovercraft_ws) by extension 'ros'
[0.403s] Level 1:colcon.colcon_core.package_identification:_identify(/home/mrinmoy/hovercraft_ws) by extensions ['cmake', 'python']
[0.403s] Level 1:colcon.colcon_core.package_identification:_identify(/home/mrinmoy/hovercraft_ws) by extension 'cmake'
[0.404s] Level 1:colcon.colcon_core.package_identification:_identify(/home/mrinmoy/hovercraft_ws) by extension 'python'
[0.404s] Level 1:colcon.colcon_core.package_identification:_identify(/home/mrinmoy/hovercraft_ws) by extensions ['python_setup_py']
[0.404s] Level 1:colcon.colcon_core.package_identification:_identify(/home/mrinmoy/hovercraft_ws) by extension 'python_setup_py'
[0.404s] Level 1:colcon.colcon_core.package_identification:_identify(/home/mrinmoy/hovercraft_ws/build) by extensions ['ignore', 'ignore_ament_install']
[0.404s] Level 1:colcon.colcon_core.package_identification:_identify(/home/mrinmoy/hovercraft_ws/build) by extension 'ignore'
[0.404s] Level 1:colcon.colcon_core.package_identification:_identify(/home/mrinmoy/hovercraft_ws/build) ignored
[0.405s] Level 1:colcon.colcon_core.package_identification:_identify(/home/mrinmoy/hovercraft_ws/install) by extensions ['ignore', 'ignore_ament_install']
[0.405s] Level 1:colcon.colcon_core.package_identification:_identify(/home/mrinmoy/hovercraft_ws/install) by extension 'ignore'
[0.405s] Level 1:colcon.colcon_core.package_identification:_identify(/home/mrinmoy/hovercraft_ws/install) ignored
[0.405s] Level 1:colcon.colcon_core.package_identification:_identify(/home/mrinmoy/hovercraft_ws/log) by extensions ['ignore', 'ignore_ament_install']
[0.406s] Level 1:colcon.colcon_core.package_identification:_identify(/home/mrinmoy/hovercraft_ws/log) by extension 'ignore'
[0.406s] Level 1:colcon.colcon_core.package_identification:_identify(/home/mrinmoy/hovercraft_ws/log) ignored
[0.406s] Level 1:colcon.colcon_core.package_identification:_identify(/home/mrinmoy/hovercraft_ws/src) by extensions ['ignore', 'ignore_ament_install']
[0.406s] Level 1:colcon.colcon_core.package_identification:_identify(/home/mrinmoy/hovercraft_ws/src) by extension 'ignore'
[0.406s] Level 1:colcon.colcon_core.package_identification:_identify(/home/mrinmoy/hovercraft_ws/src) by extension 'ignore_ament_install'
[0.406s] Level 1:colcon.colcon_core.package_identification:_identify(/home/mrinmoy/hovercraft_ws/src) by extensions ['colcon_pkg']
[0.406s] Level 1:colcon.colcon_core.package_identification:_identify(/home/mrinmoy/hovercraft_ws/src) by extension 'colcon_pkg'
[0.406s] Level 1:colcon.colcon_core.package_identification:_identify(/home/mrinmoy/hovercraft_ws/src) by extensions ['colcon_meta']
[0.407s] Level 1:colcon.colcon_core.package_identification:_identify(/home/mrinmoy/hovercraft_ws/src) by extension 'colcon_meta'
[0.407s] Level 1:colcon.colcon_core.package_identification:_identify(/home/mrinmoy/hovercraft_ws/src) by extensions ['ros']
[0.407s] Level 1:colcon.colcon_core.package_identification:_identify(/home/mrinmoy/hovercraft_ws/src) by extension 'ros'
[0.407s] Level 1:colcon.colcon_core.package_identification:_identify(/home/mrinmoy/hovercraft_ws/src) by extensions ['cmake', 'python']
[0.407s] Level 1:colcon.colcon_core.package_identification:_identify(/home/mrinmoy/hovercraft_ws/src) by extension 'cmake'
[0.407s] Level 1:colcon.colcon_core.package_identification:_identify(/home/mrinmoy/hovercraft_ws/src) by extension 'python'
[0.407s] Level 1:colcon.colcon_core.package_identification:_identify(/home/mrinmoy/hovercraft_ws/src) by extensions ['python_setup_py']
[0.408s] Level 1:colcon.colcon_core.package_identification:_identify(/home/mrinmoy/hovercraft_ws/src) by extension 'python_setup_py'
[0.408s] Level 1:colcon.colcon_core.package_identification:_identify(/home/mrinmoy/hovercraft_ws/src/crazyflie_control) by extensions ['ignore', 'ignore_ament_install']
[0.408s] Level 1:colcon.colcon_core.package_identification:_identify(/home/mrinmoy/hovercraft_ws/src/crazyflie_control) by extension 'ignore'
[0.408s] Level 1:colcon.colcon_core.package_identification:_identify(/home/mrinmoy/hovercraft_ws/src/crazyflie_control) by extension 'ignore_ament_install'
[0.409s] Level 1:colcon.colcon_core.package_identification:_identify(/home/mrinmoy/hovercraft_ws/src/crazyflie_control) by extensions ['colcon_pkg']
[0.409s] Level 1:colcon.colcon_core.package_identification:_identify(/home/mrinmoy/hovercraft_ws/src/crazyflie_control) by extension 'colcon_pkg'
[0.409s] Level 1:colcon.colcon_core.package_identification:_identify(/home/mrinmoy/hovercraft_ws/src/crazyflie_control) by extensions ['colcon_meta']
[0.409s] Level 1:colcon.colcon_core.package_identification:_identify(/home/mrinmoy/hovercraft_ws/src/crazyflie_control) by extension 'colcon_meta'
[0.409s] Level 1:colcon.colcon_core.package_identification:_identify(/home/mrinmoy/hovercraft_ws/src/crazyflie_control) by extensions ['ros']
[0.409s] Level 1:colcon.colcon_core.package_identification:_identify(/home/mrinmoy/hovercraft_ws/src/crazyflie_control) by extension 'ros'
[0.414s] DEBUG:colcon.colcon_core.package_identification:Package '/home/mrinmoy/hovercraft_ws/src/crazyflie_control' with type 'ros.ament_python' and name 'crazyflie_control'
[0.415s] Level 1:colcon.colcon_core.package_identification:_identify(/home/mrinmoy/hovercraft_ws/src/force_measurement) by extensions ['ignore', 'ignore_ament_install']
[0.415s] Level 1:colcon.colcon_core.package_identification:_identify(/home/mrinmoy/hovercraft_ws/src/force_measurement) by extension 'ignore'
[0.415s] Level 1:colcon.colcon_core.package_identification:_identify(/home/mrinmoy/hovercraft_ws/src/force_measurement) by extension 'ignore_ament_install'
[0.415s] Level 1:colcon.colcon_core.package_identification:_identify(/home/mrinmoy/hovercraft_ws/src/force_measurement) by extensions ['colcon_pkg']
[0.415s] Level 1:colcon.colcon_core.package_identification:_identify(/home/mrinmoy/hovercraft_ws/src/force_measurement) by extension 'colcon_pkg'
[0.415s] Level 1:colcon.colcon_core.package_identification:_identify(/home/mrinmoy/hovercraft_ws/src/force_measurement) by extensions ['colcon_meta']
[0.415s] Level 1:colcon.colcon_core.package_identification:_identify(/home/mrinmoy/hovercraft_ws/src/force_measurement) by extension 'colcon_meta'
[0.416s] Level 1:colcon.colcon_core.package_identification:_identify(/home/mrinmoy/hovercraft_ws/src/force_measurement) by extensions ['ros']
[0.416s] Level 1:colcon.colcon_core.package_identification:_identify(/home/mrinmoy/hovercraft_ws/src/force_measurement) by extension 'ros'
[0.417s] DEBUG:colcon.colcon_core.package_identification:Package '/home/mrinmoy/hovercraft_ws/src/force_measurement' with type 'ros.ament_python' and name 'force_measurement'
[0.418s] Level 1:colcon.colcon_core.package_identification:_identify(/home/mrinmoy/hovercraft_ws/src/launch_system) by extensions ['ignore', 'ignore_ament_install']
[0.418s] Level 1:colcon.colcon_core.package_identification:_identify(/home/mrinmoy/hovercraft_ws/src/launch_system) by extension 'ignore'
[0.418s] Level 1:colcon.colcon_core.package_identification:_identify(/home/mrinmoy/hovercraft_ws/src/launch_system) by extension 'ignore_ament_install'
[0.418s] Level 1:colcon.colcon_core.package_identification:_identify(/home/mrinmoy/hovercraft_ws/src/launch_system) by extensions ['colcon_pkg']
[0.418s] Level 1:colcon.colcon_core.package_identification:_identify(/home/mrinmoy/hovercraft_ws/src/launch_system) by extension 'colcon_pkg'
[0.418s] Level 1:colcon.colcon_core.package_identification:_identify(/home/mrinmoy/hovercraft_ws/src/launch_system) by extensions ['colcon_meta']
[0.419s] Level 1:colcon.colcon_core.package_identification:_identify(/home/mrinmoy/hovercraft_ws/src/launch_system) by extension 'colcon_meta'
[0.419s] Level 1:colcon.colcon_core.package_identification:_identify(/home/mrinmoy/hovercraft_ws/src/launch_system) by extensions ['ros']
[0.419s] Level 1:colcon.colcon_core.package_identification:_identify(/home/mrinmoy/hovercraft_ws/src/launch_system) by extension 'ros'
[0.420s] DEBUG:colcon.colcon_core.package_identification:Package '/home/mrinmoy/hovercraft_ws/src/launch_system' with type 'ros.ament_python' and name 'launch_system'
[0.420s] Level 1:colcon.colcon_core.package_identification:_identify(/home/mrinmoy/hovercraft_ws/src/printer_control) by extensions ['ignore', 'ignore_ament_install']
[0.420s] Level 1:colcon.colcon_core.package_identification:_identify(/home/mrinmoy/hovercraft_ws/src/printer_control) by extension 'ignore'
[0.420s] Level 1:colcon.colcon_core.package_identification:_identify(/home/mrinmoy/hovercraft_ws/src/printer_control) by extension 'ignore_ament_install'
[0.420s] Level 1:colcon.colcon_core.package_identification:_identify(/home/mrinmoy/hovercraft_ws/src/printer_control) by extensions ['colcon_pkg']
[0.421s] Level 1:colcon.colcon_core.package_identification:_identify(/home/mrinmoy/hovercraft_ws/src/printer_control) by extension 'colcon_pkg'
[0.421s] Level 1:colcon.colcon_core.package_identification:_identify(/home/mrinmoy/hovercraft_ws/src/printer_control) by extensions ['colcon_meta']
[0.421s] Level 1:colcon.colcon_core.package_identification:_identify(/home/mrinmoy/hovercraft_ws/src/printer_control) by extension 'colcon_meta'
[0.421s] Level 1:colcon.colcon_core.package_identification:_identify(/home/mrinmoy/hovercraft_ws/src/printer_control) by extensions ['ros']
[0.421s] Level 1:colcon.colcon_core.package_identification:_identify(/home/mrinmoy/hovercraft_ws/src/printer_control) by extension 'ros'
[0.422s] DEBUG:colcon.colcon_core.package_identification:Package '/home/mrinmoy/hovercraft_ws/src/printer_control' with type 'ros.ament_python' and name 'printer_control'
[0.422s] Level 1:colcon.colcon_core.package_discovery:discover_packages(recursive) using defaults
