running egg_info
creating ../../build/printer_control/printer_control.egg-info
writing ../../build/printer_control/printer_control.egg-info/PKG-INFO
writing dependency_links to ../../build/printer_control/printer_control.egg-info/dependency_links.txt
writing requirements to ../../build/printer_control/printer_control.egg-info/requires.txt
writing top-level names to ../../build/printer_control/printer_control.egg-info/top_level.txt
writing manifest file '../../build/printer_control/printer_control.egg-info/SOURCES.txt'
reading manifest file '../../build/printer_control/printer_control.egg-info/SOURCES.txt'
writing manifest file '../../build/printer_control/printer_control.egg-info/SOURCES.txt'
running build
running build_py
creating /home/mrinmoy/hovercraft_ws/build/printer_control/build
creating /home/mrinmoy/hovercraft_ws/build/printer_control/build/lib
creating /home/mrinmoy/hovercraft_ws/build/printer_control/build/lib/printer_control
copying printer_control/__init__.py -> /home/mrinmoy/hovercraft_ws/build/printer_control/build/lib/printer_control
running install
running install_lib
creating /home/mrinmoy/hovercraft_ws/install/printer_control/lib/python3.12/site-packages/printer_control
copying /home/mrinmoy/hovercraft_ws/build/printer_control/build/lib/printer_control/__init__.py -> /home/mrinmoy/hovercraft_ws/install/printer_control/lib/python3.12/site-packages/printer_control
byte-compiling /home/mrinmoy/hovercraft_ws/install/printer_control/lib/python3.12/site-packages/printer_control/__init__.py to __init__.cpython-312.pyc
running install_data
creating /home/mrinmoy/hovercraft_ws/install/printer_control/share/ament_index
creating /home/mrinmoy/hovercraft_ws/install/printer_control/share/ament_index/resource_index
creating /home/mrinmoy/hovercraft_ws/install/printer_control/share/ament_index/resource_index/packages
copying resource/printer_control -> /home/mrinmoy/hovercraft_ws/install/printer_control/share/ament_index/resource_index/packages
copying package.xml -> /home/mrinmoy/hovercraft_ws/install/printer_control/share/printer_control
running install_egg_info
Copying ../../build/printer_control/printer_control.egg-info to /home/mrinmoy/hovercraft_ws/install/printer_control/lib/python3.12/site-packages/printer_control-0.0.0-py3.12.egg-info
running install_scripts
writing list of installed files to '/home/mrinmoy/hovercraft_ws/build/printer_control/install.log'
