[2.024s] Invoking command in '/home/mrinmoy/hovercraft_ws/src/printer_control': DEBUGINFOD_URLS=https://debuginfod.ubuntu.com PYTHONPATH=/home/mrinmoy/hovercraft_ws/build/printer_control/prefix_override:/usr/lib/python3/dist-packages/colcon_core/task/python/colcon_distutils_commands:/home/mrinmoy/hovercraft_ws/install/printer_control/lib/python3.12/site-packages:${PYTHONPATH} /usr/bin/python3 -W ignore:setup.py install is deprecated -W ignore:easy_install command is deprecated setup.py egg_info --egg-base ../../build/printer_control build --build-base /home/mrinmoy/hovercraft_ws/build/printer_control/build install --record /home/mrinmoy/hovercraft_ws/build/printer_control/install.log --single-version-externally-managed install_data
[2.472s] running egg_info
[2.472s] creating ../../build/printer_control/printer_control.egg-info
[2.506s] writing ../../build/printer_control/printer_control.egg-info/PKG-INFO
[2.507s] writing dependency_links to ../../build/printer_control/printer_control.egg-info/dependency_links.txt
[2.507s] writing requirements to ../../build/printer_control/printer_control.egg-info/requires.txt
[2.508s] writing top-level names to ../../build/printer_control/printer_control.egg-info/top_level.txt
[2.508s] writing manifest file '../../build/printer_control/printer_control.egg-info/SOURCES.txt'
[2.579s] reading manifest file '../../build/printer_control/printer_control.egg-info/SOURCES.txt'
[2.579s] writing manifest file '../../build/printer_control/printer_control.egg-info/SOURCES.txt'
[2.580s] running build
[2.580s] running build_py
[2.580s] creating /home/mrinmoy/hovercraft_ws/build/printer_control/build
[2.581s] creating /home/mrinmoy/hovercraft_ws/build/printer_control/build/lib
[2.581s] creating /home/mrinmoy/hovercraft_ws/build/printer_control/build/lib/printer_control
[2.581s] copying printer_control/__init__.py -> /home/mrinmoy/hovercraft_ws/build/printer_control/build/lib/printer_control
[2.581s] running install
[2.596s] running install_lib
[2.631s] creating /home/mrinmoy/hovercraft_ws/install/printer_control/lib/python3.12/site-packages/printer_control
[2.631s] copying /home/mrinmoy/hovercraft_ws/build/printer_control/build/lib/printer_control/__init__.py -> /home/mrinmoy/hovercraft_ws/install/printer_control/lib/python3.12/site-packages/printer_control
[2.632s] byte-compiling /home/mrinmoy/hovercraft_ws/install/printer_control/lib/python3.12/site-packages/printer_control/__init__.py to __init__.cpython-312.pyc
[2.632s] running install_data
[2.633s] creating /home/mrinmoy/hovercraft_ws/install/printer_control/share/ament_index
[2.633s] creating /home/mrinmoy/hovercraft_ws/install/printer_control/share/ament_index/resource_index
[2.633s] creating /home/mrinmoy/hovercraft_ws/install/printer_control/share/ament_index/resource_index/packages
[2.634s] copying resource/printer_control -> /home/mrinmoy/hovercraft_ws/install/printer_control/share/ament_index/resource_index/packages
[2.634s] copying package.xml -> /home/mrinmoy/hovercraft_ws/install/printer_control/share/printer_control
[2.634s] running install_egg_info
[2.669s] Copying ../../build/printer_control/printer_control.egg-info to /home/mrinmoy/hovercraft_ws/install/printer_control/lib/python3.12/site-packages/printer_control-0.0.0-py3.12.egg-info
[2.670s] running install_scripts
[2.884s] writing list of installed files to '/home/mrinmoy/hovercraft_ws/build/printer_control/install.log'
[2.968s] Invoked command in '/home/mrinmoy/hovercraft_ws/src/printer_control' returned '0': DEBUGINFOD_URLS=https://debuginfod.ubuntu.com PYTHONPATH=/home/mrinmoy/hovercraft_ws/build/printer_control/prefix_override:/usr/lib/python3/dist-packages/colcon_core/task/python/colcon_distutils_commands:/home/mrinmoy/hovercraft_ws/install/printer_control/lib/python3.12/site-packages:${PYTHONPATH} /usr/bin/python3 -W ignore:setup.py install is deprecated -W ignore:easy_install command is deprecated setup.py egg_info --egg-base ../../build/printer_control build --build-base /home/mrinmoy/hovercraft_ws/build/printer_control/build install --record /home/mrinmoy/hovercraft_ws/build/printer_control/install.log --single-version-externally-managed install_data
