[0.187s] DEBUG:colcon:Command line arguments: ['/usr/bin/colcon', 'build']
[0.187s] DEBUG:colcon:Parsed command line arguments: Namespace(log_base=None, log_level=None, verb_name='build', build_base='build', install_base='install', merge_install=False, symlink_install=False, test_result_base=None, continue_on_error=False, executor='parallel', parallel_workers=8, event_handlers=None, ignore_user_meta=False, metas=['./colcon.meta'], base_paths=['.'], packages_ignore=None, packages_ignore_regex=None, paths=None, packages_up_to=None, packages_up_to_regex=None, packages_above=None, packages_above_and_dependencies=None, packages_above_depth=None, packages_select_by_dep=None, packages_skip_by_dep=None, packages_skip_up_to=None, packages_select_build_failed=False, packages_skip_build_finished=False, packages_select_test_failures=False, packages_skip_test_passed=False, packages_select=None, packages_skip=None, packages_select_regex=None, packages_skip_regex=None, packages_start=None, packages_end=None, allow_overriding=[], cmake_args=None, cmake_target=None, cmake_target_skip_unavailable=False, cmake_clean_cache=False, cmake_clean_first=False, cmake_force_configure=False, ament_cmake_args=None, catkin_cmake_args=None, catkin_skip_building_tests=False, mixin_files=None, mixin=None, verb_parser=<colcon_mixin.mixin.mixin_argument.MixinArgumentDecorator object at 0x7601f8b6eea0>, verb_extension=<colcon_core.verb.build.BuildVerb object at 0x7601f8b6eb70>, main=<bound method BuildVerb.main of <colcon_core.verb.build.BuildVerb object at 0x7601f8b6eb70>>, mixin_verb=('build',))
[0.229s] Level 1:colcon.colcon_core.package_discovery:discover_packages(colcon_meta) check parameters
[0.229s] Level 1:colcon.colcon_core.package_discovery:discover_packages(recursive) check parameters
[0.229s] Level 1:colcon.colcon_core.package_discovery:discover_packages(ignore) check parameters
[0.229s] Level 1:colcon.colcon_core.package_discovery:discover_packages(path) check parameters
[0.229s] Level 1:colcon.colcon_core.package_discovery:discover_packages(colcon_meta) discover
[0.229s] Level 1:colcon.colcon_core.package_discovery:discover_packages(recursive) discover
[0.229s] INFO:colcon.colcon_core.package_discovery:Crawling recursively for packages in '/home/mrinmoy/hovercraft_ws'
[0.229s] Level 1:colcon.colcon_core.package_identification:_identify(.) by extensions ['ignore', 'ignore_ament_install']
[0.229s] Level 1:colcon.colcon_core.package_identification:_identify(.) by extension 'ignore'
[0.229s] Level 1:colcon.colcon_core.package_identification:_identify(.) by extension 'ignore_ament_install'
[0.229s] Level 1:colcon.colcon_core.package_identification:_identify(.) by extensions ['colcon_pkg']
[0.229s] Level 1:colcon.colcon_core.package_identification:_identify(.) by extension 'colcon_pkg'
[0.229s] Level 1:colcon.colcon_core.package_identification:_identify(.) by extensions ['colcon_meta']
[0.229s] Level 1:colcon.colcon_core.package_identification:_identify(.) by extension 'colcon_meta'
[0.229s] Level 1:colcon.colcon_core.package_identification:_identify(.) by extensions ['ros']
[0.229s] Level 1:colcon.colcon_core.package_identification:_identify(.) by extension 'ros'
[0.254s] Level 1:colcon.colcon_core.package_identification:_identify(.) by extensions ['cmake', 'python']
[0.254s] Level 1:colcon.colcon_core.package_identification:_identify(.) by extension 'cmake'
[0.254s] Level 1:colcon.colcon_core.package_identification:_identify(.) by extension 'python'
[0.254s] Level 1:colcon.colcon_core.package_identification:_identify(.) by extensions ['python_setup_py']
[0.254s] Level 1:colcon.colcon_core.package_identification:_identify(.) by extension 'python_setup_py'
[0.254s] Level 1:colcon.colcon_core.package_identification:_identify(build) by extensions ['ignore', 'ignore_ament_install']
[0.254s] Level 1:colcon.colcon_core.package_identification:_identify(build) by extension 'ignore'
[0.254s] Level 1:colcon.colcon_core.package_identification:_identify(build) ignored
[0.255s] Level 1:colcon.colcon_core.package_identification:_identify(install) by extensions ['ignore', 'ignore_ament_install']
[0.255s] Level 1:colcon.colcon_core.package_identification:_identify(install) by extension 'ignore'
[0.255s] Level 1:colcon.colcon_core.package_identification:_identify(install) ignored
[0.255s] Level 1:colcon.colcon_core.package_identification:_identify(log) by extensions ['ignore', 'ignore_ament_install']
[0.255s] Level 1:colcon.colcon_core.package_identification:_identify(log) by extension 'ignore'
[0.255s] Level 1:colcon.colcon_core.package_identification:_identify(log) ignored
[0.255s] Level 1:colcon.colcon_core.package_identification:_identify(src) by extensions ['ignore', 'ignore_ament_install']
[0.255s] Level 1:colcon.colcon_core.package_identification:_identify(src) by extension 'ignore'
[0.255s] Level 1:colcon.colcon_core.package_identification:_identify(src) by extension 'ignore_ament_install'
[0.255s] Level 1:colcon.colcon_core.package_identification:_identify(src) by extensions ['colcon_pkg']
[0.255s] Level 1:colcon.colcon_core.package_identification:_identify(src) by extension 'colcon_pkg'
[0.255s] Level 1:colcon.colcon_core.package_identification:_identify(src) by extensions ['colcon_meta']
[0.255s] Level 1:colcon.colcon_core.package_identification:_identify(src) by extension 'colcon_meta'
[0.255s] Level 1:colcon.colcon_core.package_identification:_identify(src) by extensions ['ros']
[0.255s] Level 1:colcon.colcon_core.package_identification:_identify(src) by extension 'ros'
[0.255s] Level 1:colcon.colcon_core.package_identification:_identify(src) by extensions ['cmake', 'python']
[0.255s] Level 1:colcon.colcon_core.package_identification:_identify(src) by extension 'cmake'
[0.256s] Level 1:colcon.colcon_core.package_identification:_identify(src) by extension 'python'
[0.256s] Level 1:colcon.colcon_core.package_identification:_identify(src) by extensions ['python_setup_py']
[0.256s] Level 1:colcon.colcon_core.package_identification:_identify(src) by extension 'python_setup_py'
[0.256s] Level 1:colcon.colcon_core.package_identification:_identify(src/crazyflie_control) by extensions ['ignore', 'ignore_ament_install']
[0.256s] Level 1:colcon.colcon_core.package_identification:_identify(src/crazyflie_control) by extension 'ignore'
[0.256s] Level 1:colcon.colcon_core.package_identification:_identify(src/crazyflie_control) by extension 'ignore_ament_install'
[0.256s] Level 1:colcon.colcon_core.package_identification:_identify(src/crazyflie_control) by extensions ['colcon_pkg']
[0.256s] Level 1:colcon.colcon_core.package_identification:_identify(src/crazyflie_control) by extension 'colcon_pkg'
[0.256s] Level 1:colcon.colcon_core.package_identification:_identify(src/crazyflie_control) by extensions ['colcon_meta']
[0.256s] Level 1:colcon.colcon_core.package_identification:_identify(src/crazyflie_control) by extension 'colcon_meta'
[0.256s] Level 1:colcon.colcon_core.package_identification:_identify(src/crazyflie_control) by extensions ['ros']
[0.256s] Level 1:colcon.colcon_core.package_identification:_identify(src/crazyflie_control) by extension 'ros'
[0.258s] DEBUG:colcon.colcon_core.package_identification:Package 'src/crazyflie_control' with type 'ros.ament_python' and name 'crazyflie_control'
[0.258s] Level 1:colcon.colcon_core.package_identification:_identify(src/force_measurement) by extensions ['ignore', 'ignore_ament_install']
[0.258s] Level 1:colcon.colcon_core.package_identification:_identify(src/force_measurement) by extension 'ignore'
[0.258s] Level 1:colcon.colcon_core.package_identification:_identify(src/force_measurement) by extension 'ignore_ament_install'
[0.258s] Level 1:colcon.colcon_core.package_identification:_identify(src/force_measurement) by extensions ['colcon_pkg']
[0.258s] Level 1:colcon.colcon_core.package_identification:_identify(src/force_measurement) by extension 'colcon_pkg'
[0.259s] Level 1:colcon.colcon_core.package_identification:_identify(src/force_measurement) by extensions ['colcon_meta']
[0.259s] Level 1:colcon.colcon_core.package_identification:_identify(src/force_measurement) by extension 'colcon_meta'
[0.259s] Level 1:colcon.colcon_core.package_identification:_identify(src/force_measurement) by extensions ['ros']
[0.259s] Level 1:colcon.colcon_core.package_identification:_identify(src/force_measurement) by extension 'ros'
[0.259s] DEBUG:colcon.colcon_core.package_identification:Package 'src/force_measurement' with type 'ros.ament_python' and name 'force_measurement'
[0.259s] Level 1:colcon.colcon_core.package_identification:_identify(src/launch_system) by extensions ['ignore', 'ignore_ament_install']
[0.259s] Level 1:colcon.colcon_core.package_identification:_identify(src/launch_system) by extension 'ignore'
[0.259s] Level 1:colcon.colcon_core.package_identification:_identify(src/launch_system) by extension 'ignore_ament_install'
[0.259s] Level 1:colcon.colcon_core.package_identification:_identify(src/launch_system) by extensions ['colcon_pkg']
[0.259s] Level 1:colcon.colcon_core.package_identification:_identify(src/launch_system) by extension 'colcon_pkg'
[0.259s] Level 1:colcon.colcon_core.package_identification:_identify(src/launch_system) by extensions ['colcon_meta']
[0.259s] Level 1:colcon.colcon_core.package_identification:_identify(src/launch_system) by extension 'colcon_meta'
[0.260s] Level 1:colcon.colcon_core.package_identification:_identify(src/launch_system) by extensions ['ros']
[0.260s] Level 1:colcon.colcon_core.package_identification:_identify(src/launch_system) by extension 'ros'
[0.260s] DEBUG:colcon.colcon_core.package_identification:Package 'src/launch_system' with type 'ros.ament_python' and name 'launch_system'
[0.260s] Level 1:colcon.colcon_core.package_identification:_identify(src/printer_control) by extensions ['ignore', 'ignore_ament_install']
[0.260s] Level 1:colcon.colcon_core.package_identification:_identify(src/printer_control) by extension 'ignore'
[0.260s] Level 1:colcon.colcon_core.package_identification:_identify(src/printer_control) by extension 'ignore_ament_install'
[0.260s] Level 1:colcon.colcon_core.package_identification:_identify(src/printer_control) by extensions ['colcon_pkg']
[0.260s] Level 1:colcon.colcon_core.package_identification:_identify(src/printer_control) by extension 'colcon_pkg'
[0.260s] Level 1:colcon.colcon_core.package_identification:_identify(src/printer_control) by extensions ['colcon_meta']
[0.260s] Level 1:colcon.colcon_core.package_identification:_identify(src/printer_control) by extension 'colcon_meta'
[0.260s] Level 1:colcon.colcon_core.package_identification:_identify(src/printer_control) by extensions ['ros']
[0.260s] Level 1:colcon.colcon_core.package_identification:_identify(src/printer_control) by extension 'ros'
[0.261s] DEBUG:colcon.colcon_core.package_identification:Package 'src/printer_control' with type 'ros.ament_python' and name 'printer_control'
[0.261s] Level 1:colcon.colcon_core.package_discovery:discover_packages(recursive) using defaults
[0.261s] Level 1:colcon.colcon_core.package_discovery:discover_packages(ignore) discover
[0.261s] Level 1:colcon.colcon_core.package_discovery:discover_packages(ignore) using defaults
[0.261s] Level 1:colcon.colcon_core.package_discovery:discover_packages(path) discover
[0.261s] Level 1:colcon.colcon_core.package_discovery:discover_packages(path) using defaults
[0.290s] Level 1:colcon.colcon_core.package_discovery:discover_packages(prefix_path) check parameters
[0.290s] Level 1:colcon.colcon_core.package_discovery:discover_packages(prefix_path) discover
[0.295s] DEBUG:colcon.colcon_installed_package_information.package_discovery:Found 1 installed packages in /home/mrinmoy/ros2_ws/install
[0.296s] DEBUG:colcon.colcon_installed_package_information.package_discovery:Found 285 installed packages in /opt/ros/jazzy
[0.298s] Level 1:colcon.colcon_core.package_discovery:discover_packages(prefix_path) using defaults
[0.344s] Level 5:colcon.colcon_core.verb:set package 'crazyflie_control' build argument 'cmake_args' from command line to 'None'
[0.344s] Level 5:colcon.colcon_core.verb:set package 'crazyflie_control' build argument 'cmake_target' from command line to 'None'
[0.344s] Level 5:colcon.colcon_core.verb:set package 'crazyflie_control' build argument 'cmake_target_skip_unavailable' from command line to 'False'
[0.344s] Level 5:colcon.colcon_core.verb:set package 'crazyflie_control' build argument 'cmake_clean_cache' from command line to 'False'
[0.344s] Level 5:colcon.colcon_core.verb:set package 'crazyflie_control' build argument 'cmake_clean_first' from command line to 'False'
[0.344s] Level 5:colcon.colcon_core.verb:set package 'crazyflie_control' build argument 'cmake_force_configure' from command line to 'False'
[0.344s] Level 5:colcon.colcon_core.verb:set package 'crazyflie_control' build argument 'ament_cmake_args' from command line to 'None'
[0.344s] Level 5:colcon.colcon_core.verb:set package 'crazyflie_control' build argument 'catkin_cmake_args' from command line to 'None'
[0.344s] Level 5:colcon.colcon_core.verb:set package 'crazyflie_control' build argument 'catkin_skip_building_tests' from command line to 'False'
[0.344s] DEBUG:colcon.colcon_core.verb:Building package 'crazyflie_control' with the following arguments: {'ament_cmake_args': None, 'build_base': '/home/mrinmoy/hovercraft_ws/build/crazyflie_control', 'catkin_cmake_args': None, 'catkin_skip_building_tests': False, 'cmake_args': None, 'cmake_clean_cache': False, 'cmake_clean_first': False, 'cmake_force_configure': False, 'cmake_target': None, 'cmake_target_skip_unavailable': False, 'install_base': '/home/mrinmoy/hovercraft_ws/install/crazyflie_control', 'merge_install': False, 'path': '/home/mrinmoy/hovercraft_ws/src/crazyflie_control', 'symlink_install': False, 'test_result_base': None}
[0.344s] Level 5:colcon.colcon_core.verb:set package 'force_measurement' build argument 'cmake_args' from command line to 'None'
[0.344s] Level 5:colcon.colcon_core.verb:set package 'force_measurement' build argument 'cmake_target' from command line to 'None'
[0.344s] Level 5:colcon.colcon_core.verb:set package 'force_measurement' build argument 'cmake_target_skip_unavailable' from command line to 'False'
[0.344s] Level 5:colcon.colcon_core.verb:set package 'force_measurement' build argument 'cmake_clean_cache' from command line to 'False'
[0.344s] Level 5:colcon.colcon_core.verb:set package 'force_measurement' build argument 'cmake_clean_first' from command line to 'False'
[0.344s] Level 5:colcon.colcon_core.verb:set package 'force_measurement' build argument 'cmake_force_configure' from command line to 'False'
[0.344s] Level 5:colcon.colcon_core.verb:set package 'force_measurement' build argument 'ament_cmake_args' from command line to 'None'
[0.344s] Level 5:colcon.colcon_core.verb:set package 'force_measurement' build argument 'catkin_cmake_args' from command line to 'None'
[0.344s] Level 5:colcon.colcon_core.verb:set package 'force_measurement' build argument 'catkin_skip_building_tests' from command line to 'False'
[0.344s] DEBUG:colcon.colcon_core.verb:Building package 'force_measurement' with the following arguments: {'ament_cmake_args': None, 'build_base': '/home/mrinmoy/hovercraft_ws/build/force_measurement', 'catkin_cmake_args': None, 'catkin_skip_building_tests': False, 'cmake_args': None, 'cmake_clean_cache': False, 'cmake_clean_first': False, 'cmake_force_configure': False, 'cmake_target': None, 'cmake_target_skip_unavailable': False, 'install_base': '/home/mrinmoy/hovercraft_ws/install/force_measurement', 'merge_install': False, 'path': '/home/mrinmoy/hovercraft_ws/src/force_measurement', 'symlink_install': False, 'test_result_base': None}
[0.345s] Level 5:colcon.colcon_core.verb:set package 'launch_system' build argument 'cmake_args' from command line to 'None'
[0.345s] Level 5:colcon.colcon_core.verb:set package 'launch_system' build argument 'cmake_target' from command line to 'None'
[0.345s] Level 5:colcon.colcon_core.verb:set package 'launch_system' build argument 'cmake_target_skip_unavailable' from command line to 'False'
[0.345s] Level 5:colcon.colcon_core.verb:set package 'launch_system' build argument 'cmake_clean_cache' from command line to 'False'
[0.345s] Level 5:colcon.colcon_core.verb:set package 'launch_system' build argument 'cmake_clean_first' from command line to 'False'
[0.345s] Level 5:colcon.colcon_core.verb:set package 'launch_system' build argument 'cmake_force_configure' from command line to 'False'
[0.345s] Level 5:colcon.colcon_core.verb:set package 'launch_system' build argument 'ament_cmake_args' from command line to 'None'
[0.345s] Level 5:colcon.colcon_core.verb:set package 'launch_system' build argument 'catkin_cmake_args' from command line to 'None'
[0.345s] Level 5:colcon.colcon_core.verb:set package 'launch_system' build argument 'catkin_skip_building_tests' from command line to 'False'
[0.345s] DEBUG:colcon.colcon_core.verb:Building package 'launch_system' with the following arguments: {'ament_cmake_args': None, 'build_base': '/home/mrinmoy/hovercraft_ws/build/launch_system', 'catkin_cmake_args': None, 'catkin_skip_building_tests': False, 'cmake_args': None, 'cmake_clean_cache': False, 'cmake_clean_first': False, 'cmake_force_configure': False, 'cmake_target': None, 'cmake_target_skip_unavailable': False, 'install_base': '/home/mrinmoy/hovercraft_ws/install/launch_system', 'merge_install': False, 'path': '/home/mrinmoy/hovercraft_ws/src/launch_system', 'symlink_install': False, 'test_result_base': None}
[0.345s] Level 5:colcon.colcon_core.verb:set package 'printer_control' build argument 'cmake_args' from command line to 'None'
[0.345s] Level 5:colcon.colcon_core.verb:set package 'printer_control' build argument 'cmake_target' from command line to 'None'
[0.345s] Level 5:colcon.colcon_core.verb:set package 'printer_control' build argument 'cmake_target_skip_unavailable' from command line to 'False'
[0.345s] Level 5:colcon.colcon_core.verb:set package 'printer_control' build argument 'cmake_clean_cache' from command line to 'False'
[0.345s] Level 5:colcon.colcon_core.verb:set package 'printer_control' build argument 'cmake_clean_first' from command line to 'False'
[0.345s] Level 5:colcon.colcon_core.verb:set package 'printer_control' build argument 'cmake_force_configure' from command line to 'False'
[0.345s] Level 5:colcon.colcon_core.verb:set package 'printer_control' build argument 'ament_cmake_args' from command line to 'None'
[0.345s] Level 5:colcon.colcon_core.verb:set package 'printer_control' build argument 'catkin_cmake_args' from command line to 'None'
[0.345s] Level 5:colcon.colcon_core.verb:set package 'printer_control' build argument 'catkin_skip_building_tests' from command line to 'False'
[0.345s] DEBUG:colcon.colcon_core.verb:Building package 'printer_control' with the following arguments: {'ament_cmake_args': None, 'build_base': '/home/mrinmoy/hovercraft_ws/build/printer_control', 'catkin_cmake_args': None, 'catkin_skip_building_tests': False, 'cmake_args': None, 'cmake_clean_cache': False, 'cmake_clean_first': False, 'cmake_force_configure': False, 'cmake_target': None, 'cmake_target_skip_unavailable': False, 'install_base': '/home/mrinmoy/hovercraft_ws/install/printer_control', 'merge_install': False, 'path': '/home/mrinmoy/hovercraft_ws/src/printer_control', 'symlink_install': False, 'test_result_base': None}
[0.345s] INFO:colcon.colcon_core.executor:Executing jobs using 'parallel' executor
[0.346s] DEBUG:colcon.colcon_parallel_executor.executor.parallel:run_until_complete
[0.346s] INFO:colcon.colcon_ros.task.ament_python.build:Building ROS package in '/home/mrinmoy/hovercraft_ws/src/crazyflie_control' with build type 'ament_python'
[0.346s] Level 1:colcon.colcon_core.shell:create_environment_hook('crazyflie_control', 'ament_prefix_path')
[0.351s] INFO:colcon.colcon_core.plugin_system:Skipping extension 'colcon_core.shell.bat': Not used on non-Windows systems
[0.351s] INFO:colcon.colcon_core.shell:Creating environment hook '/home/mrinmoy/hovercraft_ws/install/crazyflie_control/share/crazyflie_control/hook/ament_prefix_path.ps1'
[0.353s] INFO:colcon.colcon_core.shell:Creating environment descriptor '/home/mrinmoy/hovercraft_ws/install/crazyflie_control/share/crazyflie_control/hook/ament_prefix_path.dsv'
[0.354s] INFO:colcon.colcon_core.shell:Creating environment hook '/home/mrinmoy/hovercraft_ws/install/crazyflie_control/share/crazyflie_control/hook/ament_prefix_path.sh'
[0.355s] INFO:colcon.colcon_core.shell:Skip shell extension 'powershell' for command environment: Not usable outside of PowerShell
[0.355s] DEBUG:colcon.colcon_core.shell:Skip shell extension 'dsv' for command environment
[0.359s] INFO:colcon.colcon_ros.task.ament_python.build:Building ROS package in '/home/mrinmoy/hovercraft_ws/src/force_measurement' with build type 'ament_python'
[0.359s] Level 1:colcon.colcon_core.shell:create_environment_hook('force_measurement', 'ament_prefix_path')
[0.360s] INFO:colcon.colcon_core.shell:Creating environment hook '/home/mrinmoy/hovercraft_ws/install/force_measurement/share/force_measurement/hook/ament_prefix_path.ps1'
[0.360s] INFO:colcon.colcon_core.shell:Creating environment descriptor '/home/mrinmoy/hovercraft_ws/install/force_measurement/share/force_measurement/hook/ament_prefix_path.dsv'
[0.361s] INFO:colcon.colcon_core.shell:Creating environment hook '/home/mrinmoy/hovercraft_ws/install/force_measurement/share/force_measurement/hook/ament_prefix_path.sh'
[0.361s] INFO:colcon.colcon_core.shell:Skip shell extension 'powershell' for command environment: Not usable outside of PowerShell
[0.361s] DEBUG:colcon.colcon_core.shell:Skip shell extension 'dsv' for command environment
[0.364s] INFO:colcon.colcon_ros.task.ament_python.build:Building ROS package in '/home/mrinmoy/hovercraft_ws/src/launch_system' with build type 'ament_python'
[0.364s] Level 1:colcon.colcon_core.shell:create_environment_hook('launch_system', 'ament_prefix_path')
[0.364s] INFO:colcon.colcon_core.shell:Creating environment hook '/home/mrinmoy/hovercraft_ws/install/launch_system/share/launch_system/hook/ament_prefix_path.ps1'
[0.365s] INFO:colcon.colcon_core.shell:Creating environment descriptor '/home/mrinmoy/hovercraft_ws/install/launch_system/share/launch_system/hook/ament_prefix_path.dsv'
[0.366s] INFO:colcon.colcon_core.shell:Creating environment hook '/home/mrinmoy/hovercraft_ws/install/launch_system/share/launch_system/hook/ament_prefix_path.sh'
[0.366s] INFO:colcon.colcon_core.shell:Skip shell extension 'powershell' for command environment: Not usable outside of PowerShell
[0.366s] DEBUG:colcon.colcon_core.shell:Skip shell extension 'dsv' for command environment
[0.369s] INFO:colcon.colcon_ros.task.ament_python.build:Building ROS package in '/home/mrinmoy/hovercraft_ws/src/printer_control' with build type 'ament_python'
[0.369s] Level 1:colcon.colcon_core.shell:create_environment_hook('printer_control', 'ament_prefix_path')
[0.369s] INFO:colcon.colcon_core.shell:Creating environment hook '/home/mrinmoy/hovercraft_ws/install/printer_control/share/printer_control/hook/ament_prefix_path.ps1'
[0.370s] INFO:colcon.colcon_core.shell:Creating environment descriptor '/home/mrinmoy/hovercraft_ws/install/printer_control/share/printer_control/hook/ament_prefix_path.dsv'
[0.370s] INFO:colcon.colcon_core.shell:Creating environment hook '/home/mrinmoy/hovercraft_ws/install/printer_control/share/printer_control/hook/ament_prefix_path.sh'
[0.371s] INFO:colcon.colcon_core.shell:Skip shell extension 'powershell' for command environment: Not usable outside of PowerShell
[0.371s] DEBUG:colcon.colcon_core.shell:Skip shell extension 'dsv' for command environment
[0.600s] INFO:colcon.colcon_core.task.python.build:Building Python package in '/home/mrinmoy/hovercraft_ws/src/crazyflie_control'
[0.600s] INFO:colcon.colcon_core.shell:Skip shell extension 'powershell' for command environment: Not usable outside of PowerShell
[0.600s] DEBUG:colcon.colcon_core.shell:Skip shell extension 'dsv' for command environment
[0.821s] INFO:colcon.colcon_core.task.python.build:Building Python package in '/home/mrinmoy/hovercraft_ws/src/force_measurement'
[0.821s] INFO:colcon.colcon_core.shell:Skip shell extension 'powershell' for command environment: Not usable outside of PowerShell
[0.821s] DEBUG:colcon.colcon_core.shell:Skip shell extension 'dsv' for command environment
[1.040s] INFO:colcon.colcon_core.task.python.build:Building Python package in '/home/mrinmoy/hovercraft_ws/src/launch_system'
[1.041s] INFO:colcon.colcon_core.shell:Skip shell extension 'powershell' for command environment: Not usable outside of PowerShell
[1.041s] DEBUG:colcon.colcon_core.shell:Skip shell extension 'dsv' for command environment
[1.268s] INFO:colcon.colcon_core.task.python.build:Building Python package in '/home/mrinmoy/hovercraft_ws/src/printer_control'
[1.268s] INFO:colcon.colcon_core.shell:Skip shell extension 'powershell' for command environment: Not usable outside of PowerShell
[1.268s] DEBUG:colcon.colcon_core.shell:Skip shell extension 'dsv' for command environment
[2.342s] DEBUG:colcon.colcon_core.event_handler.log_command:Invoking command in '/home/mrinmoy/hovercraft_ws/src/crazyflie_control': DEBUGINFOD_URLS=https://debuginfod.ubuntu.com PYTHONPATH=/home/mrinmoy/hovercraft_ws/build/crazyflie_control/prefix_override:/usr/lib/python3/dist-packages/colcon_core/task/python/colcon_distutils_commands:/home/mrinmoy/hovercraft_ws/install/crazyflie_control/lib/python3.12/site-packages:${PYTHONPATH} /usr/bin/python3 -W ignore:setup.py install is deprecated -W ignore:easy_install command is deprecated setup.py egg_info --egg-base ../../build/crazyflie_control build --build-base /home/mrinmoy/hovercraft_ws/build/crazyflie_control/build install --record /home/mrinmoy/hovercraft_ws/build/crazyflie_control/install.log --single-version-externally-managed install_data
[2.353s] DEBUG:colcon.colcon_core.event_handler.log_command:Invoking command in '/home/mrinmoy/hovercraft_ws/src/force_measurement': DEBUGINFOD_URLS=https://debuginfod.ubuntu.com PYTHONPATH=/home/mrinmoy/hovercraft_ws/build/force_measurement/prefix_override:/usr/lib/python3/dist-packages/colcon_core/task/python/colcon_distutils_commands:/home/mrinmoy/hovercraft_ws/install/force_measurement/lib/python3.12/site-packages:${PYTHONPATH} /usr/bin/python3 -W ignore:setup.py install is deprecated -W ignore:easy_install command is deprecated setup.py egg_info --egg-base ../../build/force_measurement build --build-base /home/mrinmoy/hovercraft_ws/build/force_measurement/build install --record /home/mrinmoy/hovercraft_ws/build/force_measurement/install.log --single-version-externally-managed install_data
[2.391s] DEBUG:colcon.colcon_core.event_handler.log_command:Invoking command in '/home/mrinmoy/hovercraft_ws/src/launch_system': DEBUGINFOD_URLS=https://debuginfod.ubuntu.com PYTHONPATH=/home/mrinmoy/hovercraft_ws/build/launch_system/prefix_override:/usr/lib/python3/dist-packages/colcon_core/task/python/colcon_distutils_commands:/home/mrinmoy/hovercraft_ws/install/launch_system/lib/python3.12/site-packages:${PYTHONPATH} /usr/bin/python3 -W ignore:setup.py install is deprecated -W ignore:easy_install command is deprecated setup.py egg_info --egg-base ../../build/launch_system build --build-base /home/mrinmoy/hovercraft_ws/build/launch_system/build install --record /home/mrinmoy/hovercraft_ws/build/launch_system/install.log --single-version-externally-managed install_data
[2.394s] DEBUG:colcon.colcon_core.event_handler.log_command:Invoking command in '/home/mrinmoy/hovercraft_ws/src/printer_control': DEBUGINFOD_URLS=https://debuginfod.ubuntu.com PYTHONPATH=/home/mrinmoy/hovercraft_ws/build/printer_control/prefix_override:/usr/lib/python3/dist-packages/colcon_core/task/python/colcon_distutils_commands:/home/mrinmoy/hovercraft_ws/install/printer_control/lib/python3.12/site-packages:${PYTHONPATH} /usr/bin/python3 -W ignore:setup.py install is deprecated -W ignore:easy_install command is deprecated setup.py egg_info --egg-base ../../build/printer_control build --build-base /home/mrinmoy/hovercraft_ws/build/printer_control/build install --record /home/mrinmoy/hovercraft_ws/build/printer_control/install.log --single-version-externally-managed install_data
[3.291s] DEBUG:colcon.colcon_core.event_handler.log_command:Invoked command in '/home/mrinmoy/hovercraft_ws/src/crazyflie_control' returned '0': DEBUGINFOD_URLS=https://debuginfod.ubuntu.com PYTHONPATH=/home/mrinmoy/hovercraft_ws/build/crazyflie_control/prefix_override:/usr/lib/python3/dist-packages/colcon_core/task/python/colcon_distutils_commands:/home/mrinmoy/hovercraft_ws/install/crazyflie_control/lib/python3.12/site-packages:${PYTHONPATH} /usr/bin/python3 -W ignore:setup.py install is deprecated -W ignore:easy_install command is deprecated setup.py egg_info --egg-base ../../build/crazyflie_control build --build-base /home/mrinmoy/hovercraft_ws/build/crazyflie_control/build install --record /home/mrinmoy/hovercraft_ws/build/crazyflie_control/install.log --single-version-externally-managed install_data
[3.300s] Level 1:colcon.colcon_core.environment:checking '/home/mrinmoy/hovercraft_ws/install/crazyflie_control' for CMake module files
[3.302s] Level 1:colcon.colcon_core.environment:checking '/home/mrinmoy/hovercraft_ws/install/crazyflie_control' for CMake config files
[3.304s] Level 1:colcon.colcon_core.environment:checking '/home/mrinmoy/hovercraft_ws/install/crazyflie_control/lib'
[3.304s] Level 1:colcon.colcon_core.environment:checking '/home/mrinmoy/hovercraft_ws/install/crazyflie_control/bin'
[3.304s] Level 1:colcon.colcon_core.environment:checking '/home/mrinmoy/hovercraft_ws/install/crazyflie_control/lib/pkgconfig/crazyflie_control.pc'
[3.305s] Level 1:colcon.colcon_core.environment:checking '/home/mrinmoy/hovercraft_ws/install/crazyflie_control/lib/python3.12/site-packages'
[3.306s] Level 1:colcon.colcon_core.shell:create_environment_hook('crazyflie_control', 'pythonpath')
[3.306s] INFO:colcon.colcon_core.shell:Creating environment hook '/home/mrinmoy/hovercraft_ws/install/crazyflie_control/share/crazyflie_control/hook/pythonpath.ps1'
[3.308s] INFO:colcon.colcon_core.shell:Creating environment descriptor '/home/mrinmoy/hovercraft_ws/install/crazyflie_control/share/crazyflie_control/hook/pythonpath.dsv'
[3.309s] INFO:colcon.colcon_core.shell:Creating environment hook '/home/mrinmoy/hovercraft_ws/install/crazyflie_control/share/crazyflie_control/hook/pythonpath.sh'
[3.311s] Level 1:colcon.colcon_core.environment:checking '/home/mrinmoy/hovercraft_ws/install/crazyflie_control/bin'
[3.311s] Level 1:colcon.colcon_core.environment:create_environment_scripts_only(crazyflie_control)
[3.311s] INFO:colcon.colcon_core.shell:Creating package script '/home/mrinmoy/hovercraft_ws/install/crazyflie_control/share/crazyflie_control/package.ps1'
[3.313s] INFO:colcon.colcon_core.shell:Creating package descriptor '/home/mrinmoy/hovercraft_ws/install/crazyflie_control/share/crazyflie_control/package.dsv'
[3.314s] INFO:colcon.colcon_core.shell:Creating package script '/home/mrinmoy/hovercraft_ws/install/crazyflie_control/share/crazyflie_control/package.sh'
[3.316s] INFO:colcon.colcon_core.shell:Creating package script '/home/mrinmoy/hovercraft_ws/install/crazyflie_control/share/crazyflie_control/package.bash'
[3.318s] INFO:colcon.colcon_core.shell:Creating package script '/home/mrinmoy/hovercraft_ws/install/crazyflie_control/share/crazyflie_control/package.zsh'
[3.319s] Level 1:colcon.colcon_core.environment:create_file_with_runtime_dependencies(/home/mrinmoy/hovercraft_ws/install/crazyflie_control/share/colcon-core/packages/crazyflie_control)
[3.321s] Level 1:colcon.colcon_core.environment:checking '/home/mrinmoy/hovercraft_ws/install/force_measurement' for CMake module files
[3.323s] DEBUG:colcon.colcon_core.event_handler.log_command:Invoked command in '/home/mrinmoy/hovercraft_ws/src/force_measurement' returned '0': DEBUGINFOD_URLS=https://debuginfod.ubuntu.com PYTHONPATH=/home/mrinmoy/hovercraft_ws/build/force_measurement/prefix_override:/usr/lib/python3/dist-packages/colcon_core/task/python/colcon_distutils_commands:/home/mrinmoy/hovercraft_ws/install/force_measurement/lib/python3.12/site-packages:${PYTHONPATH} /usr/bin/python3 -W ignore:setup.py install is deprecated -W ignore:easy_install command is deprecated setup.py egg_info --egg-base ../../build/force_measurement build --build-base /home/mrinmoy/hovercraft_ws/build/force_measurement/build install --record /home/mrinmoy/hovercraft_ws/build/force_measurement/install.log --single-version-externally-managed install_data
[3.323s] Level 1:colcon.colcon_core.environment:checking '/home/mrinmoy/hovercraft_ws/install/force_measurement' for CMake config files
[3.324s] Level 1:colcon.colcon_core.environment:checking '/home/mrinmoy/hovercraft_ws/install/force_measurement/lib'
[3.324s] Level 1:colcon.colcon_core.environment:checking '/home/mrinmoy/hovercraft_ws/install/force_measurement/bin'
[3.325s] Level 1:colcon.colcon_core.environment:checking '/home/mrinmoy/hovercraft_ws/install/force_measurement/lib/pkgconfig/force_measurement.pc'
[3.325s] Level 1:colcon.colcon_core.environment:checking '/home/mrinmoy/hovercraft_ws/install/force_measurement/lib/python3.12/site-packages'
[3.326s] Level 1:colcon.colcon_core.shell:create_environment_hook('force_measurement', 'pythonpath')
[3.326s] INFO:colcon.colcon_core.shell:Creating environment hook '/home/mrinmoy/hovercraft_ws/install/force_measurement/share/force_measurement/hook/pythonpath.ps1'
[3.327s] INFO:colcon.colcon_core.shell:Creating environment descriptor '/home/mrinmoy/hovercraft_ws/install/force_measurement/share/force_measurement/hook/pythonpath.dsv'
[3.327s] INFO:colcon.colcon_core.shell:Creating environment hook '/home/mrinmoy/hovercraft_ws/install/force_measurement/share/force_measurement/hook/pythonpath.sh'
[3.329s] Level 1:colcon.colcon_core.environment:checking '/home/mrinmoy/hovercraft_ws/install/force_measurement/bin'
[3.329s] Level 1:colcon.colcon_core.environment:create_environment_scripts_only(force_measurement)
[3.330s] INFO:colcon.colcon_core.shell:Creating package script '/home/mrinmoy/hovercraft_ws/install/force_measurement/share/force_measurement/package.ps1'
[3.331s] INFO:colcon.colcon_core.shell:Creating package descriptor '/home/mrinmoy/hovercraft_ws/install/force_measurement/share/force_measurement/package.dsv'
[3.332s] INFO:colcon.colcon_core.shell:Creating package script '/home/mrinmoy/hovercraft_ws/install/force_measurement/share/force_measurement/package.sh'
[3.332s] INFO:colcon.colcon_core.shell:Creating package script '/home/mrinmoy/hovercraft_ws/install/force_measurement/share/force_measurement/package.bash'
[3.333s] INFO:colcon.colcon_core.shell:Creating package script '/home/mrinmoy/hovercraft_ws/install/force_measurement/share/force_measurement/package.zsh'
[3.334s] Level 1:colcon.colcon_core.environment:create_file_with_runtime_dependencies(/home/mrinmoy/hovercraft_ws/install/force_measurement/share/colcon-core/packages/force_measurement)
[3.336s] Level 1:colcon.colcon_core.environment:checking '/home/mrinmoy/hovercraft_ws/install/printer_control' for CMake module files
[3.338s] DEBUG:colcon.colcon_core.event_handler.log_command:Invoked command in '/home/mrinmoy/hovercraft_ws/src/printer_control' returned '0': DEBUGINFOD_URLS=https://debuginfod.ubuntu.com PYTHONPATH=/home/mrinmoy/hovercraft_ws/build/printer_control/prefix_override:/usr/lib/python3/dist-packages/colcon_core/task/python/colcon_distutils_commands:/home/mrinmoy/hovercraft_ws/install/printer_control/lib/python3.12/site-packages:${PYTHONPATH} /usr/bin/python3 -W ignore:setup.py install is deprecated -W ignore:easy_install command is deprecated setup.py egg_info --egg-base ../../build/printer_control build --build-base /home/mrinmoy/hovercraft_ws/build/printer_control/build install --record /home/mrinmoy/hovercraft_ws/build/printer_control/install.log --single-version-externally-managed install_data
[3.339s] Level 1:colcon.colcon_core.environment:checking '/home/mrinmoy/hovercraft_ws/install/printer_control' for CMake config files
[3.341s] Level 1:colcon.colcon_core.environment:checking '/home/mrinmoy/hovercraft_ws/install/printer_control/lib'
[3.341s] Level 1:colcon.colcon_core.environment:checking '/home/mrinmoy/hovercraft_ws/install/printer_control/bin'
[3.341s] Level 1:colcon.colcon_core.environment:checking '/home/mrinmoy/hovercraft_ws/install/printer_control/lib/pkgconfig/printer_control.pc'
[3.342s] Level 1:colcon.colcon_core.environment:checking '/home/mrinmoy/hovercraft_ws/install/printer_control/lib/python3.12/site-packages'
[3.342s] Level 1:colcon.colcon_core.shell:create_environment_hook('printer_control', 'pythonpath')
[3.343s] INFO:colcon.colcon_core.shell:Creating environment hook '/home/mrinmoy/hovercraft_ws/install/printer_control/share/printer_control/hook/pythonpath.ps1'
[3.344s] INFO:colcon.colcon_core.shell:Creating environment descriptor '/home/mrinmoy/hovercraft_ws/install/printer_control/share/printer_control/hook/pythonpath.dsv'
[3.345s] INFO:colcon.colcon_core.shell:Creating environment hook '/home/mrinmoy/hovercraft_ws/install/printer_control/share/printer_control/hook/pythonpath.sh'
[3.346s] Level 1:colcon.colcon_core.environment:checking '/home/mrinmoy/hovercraft_ws/install/printer_control/bin'
[3.346s] Level 1:colcon.colcon_core.environment:create_environment_scripts_only(printer_control)
[3.346s] INFO:colcon.colcon_core.shell:Creating package script '/home/mrinmoy/hovercraft_ws/install/printer_control/share/printer_control/package.ps1'
[3.347s] INFO:colcon.colcon_core.shell:Creating package descriptor '/home/mrinmoy/hovercraft_ws/install/printer_control/share/printer_control/package.dsv'
[3.348s] INFO:colcon.colcon_core.shell:Creating package script '/home/mrinmoy/hovercraft_ws/install/printer_control/share/printer_control/package.sh'
[3.349s] INFO:colcon.colcon_core.shell:Creating package script '/home/mrinmoy/hovercraft_ws/install/printer_control/share/printer_control/package.bash'
[3.349s] INFO:colcon.colcon_core.shell:Creating package script '/home/mrinmoy/hovercraft_ws/install/printer_control/share/printer_control/package.zsh'
[3.350s] Level 1:colcon.colcon_core.environment:create_file_with_runtime_dependencies(/home/mrinmoy/hovercraft_ws/install/printer_control/share/colcon-core/packages/printer_control)
[3.352s] Level 1:colcon.colcon_core.environment:checking '/home/mrinmoy/hovercraft_ws/install/launch_system' for CMake module files
[3.353s] DEBUG:colcon.colcon_core.event_handler.log_command:Invoked command in '/home/mrinmoy/hovercraft_ws/src/launch_system' returned '0': DEBUGINFOD_URLS=https://debuginfod.ubuntu.com PYTHONPATH=/home/mrinmoy/hovercraft_ws/build/launch_system/prefix_override:/usr/lib/python3/dist-packages/colcon_core/task/python/colcon_distutils_commands:/home/mrinmoy/hovercraft_ws/install/launch_system/lib/python3.12/site-packages:${PYTHONPATH} /usr/bin/python3 -W ignore:setup.py install is deprecated -W ignore:easy_install command is deprecated setup.py egg_info --egg-base ../../build/launch_system build --build-base /home/mrinmoy/hovercraft_ws/build/launch_system/build install --record /home/mrinmoy/hovercraft_ws/build/launch_system/install.log --single-version-externally-managed install_data
[3.353s] Level 1:colcon.colcon_core.environment:checking '/home/mrinmoy/hovercraft_ws/install/launch_system' for CMake config files
[3.354s] Level 1:colcon.colcon_core.environment:checking '/home/mrinmoy/hovercraft_ws/install/launch_system/lib'
[3.354s] Level 1:colcon.colcon_core.environment:checking '/home/mrinmoy/hovercraft_ws/install/launch_system/bin'
[3.354s] Level 1:colcon.colcon_core.environment:checking '/home/mrinmoy/hovercraft_ws/install/launch_system/lib/pkgconfig/launch_system.pc'
[3.355s] Level 1:colcon.colcon_core.environment:checking '/home/mrinmoy/hovercraft_ws/install/launch_system/lib/python3.12/site-packages'
[3.355s] Level 1:colcon.colcon_core.shell:create_environment_hook('launch_system', 'pythonpath')
[3.355s] INFO:colcon.colcon_core.shell:Creating environment hook '/home/mrinmoy/hovercraft_ws/install/launch_system/share/launch_system/hook/pythonpath.ps1'
[3.356s] INFO:colcon.colcon_core.shell:Creating environment descriptor '/home/mrinmoy/hovercraft_ws/install/launch_system/share/launch_system/hook/pythonpath.dsv'
[3.357s] INFO:colcon.colcon_core.shell:Creating environment hook '/home/mrinmoy/hovercraft_ws/install/launch_system/share/launch_system/hook/pythonpath.sh'
[3.358s] Level 1:colcon.colcon_core.environment:checking '/home/mrinmoy/hovercraft_ws/install/launch_system/bin'
[3.358s] Level 1:colcon.colcon_core.environment:create_environment_scripts_only(launch_system)
[3.358s] INFO:colcon.colcon_core.shell:Creating package script '/home/mrinmoy/hovercraft_ws/install/launch_system/share/launch_system/package.ps1'
[3.359s] INFO:colcon.colcon_core.shell:Creating package descriptor '/home/mrinmoy/hovercraft_ws/install/launch_system/share/launch_system/package.dsv'
[3.359s] INFO:colcon.colcon_core.shell:Creating package script '/home/mrinmoy/hovercraft_ws/install/launch_system/share/launch_system/package.sh'
[3.360s] INFO:colcon.colcon_core.shell:Creating package script '/home/mrinmoy/hovercraft_ws/install/launch_system/share/launch_system/package.bash'
[3.360s] INFO:colcon.colcon_core.shell:Creating package script '/home/mrinmoy/hovercraft_ws/install/launch_system/share/launch_system/package.zsh'
[3.361s] Level 1:colcon.colcon_core.environment:create_file_with_runtime_dependencies(/home/mrinmoy/hovercraft_ws/install/launch_system/share/colcon-core/packages/launch_system)
[3.361s] DEBUG:colcon.colcon_parallel_executor.executor.parallel:closing loop
[3.361s] DEBUG:colcon.colcon_parallel_executor.executor.parallel:loop closed
[3.361s] DEBUG:colcon.colcon_parallel_executor.executor.parallel:run_until_complete finished with '0'
[3.361s] DEBUG:colcon.colcon_core.event_reactor:joining thread
[3.370s] INFO:colcon.colcon_core.plugin_system:Skipping extension 'colcon_notification.desktop_notification.terminal_notifier': Not used on non-Darwin systems
[3.370s] INFO:colcon.colcon_core.plugin_system:Skipping extension 'colcon_notification.desktop_notification.win32': Not used on non-Windows systems
[3.370s] INFO:colcon.colcon_notification.desktop_notification:Sending desktop notification using 'notify2'
[3.389s] DEBUG:colcon.colcon_core.event_reactor:joined thread
[3.389s] INFO:colcon.colcon_core.shell:Creating prefix script '/home/mrinmoy/hovercraft_ws/install/local_setup.ps1'
[3.391s] INFO:colcon.colcon_core.shell:Creating prefix util module '/home/mrinmoy/hovercraft_ws/install/_local_setup_util_ps1.py'
[3.392s] INFO:colcon.colcon_core.shell:Creating prefix chain script '/home/mrinmoy/hovercraft_ws/install/setup.ps1'
[3.395s] INFO:colcon.colcon_core.shell:Creating prefix script '/home/mrinmoy/hovercraft_ws/install/local_setup.sh'
[3.396s] INFO:colcon.colcon_core.shell:Creating prefix util module '/home/mrinmoy/hovercraft_ws/install/_local_setup_util_sh.py'
[3.397s] INFO:colcon.colcon_core.shell:Creating prefix chain script '/home/mrinmoy/hovercraft_ws/install/setup.sh'
[3.398s] INFO:colcon.colcon_core.shell:Creating prefix script '/home/mrinmoy/hovercraft_ws/install/local_setup.bash'
[3.399s] INFO:colcon.colcon_core.shell:Creating prefix chain script '/home/mrinmoy/hovercraft_ws/install/setup.bash'
[3.400s] INFO:colcon.colcon_core.shell:Creating prefix script '/home/mrinmoy/hovercraft_ws/install/local_setup.zsh'
[3.401s] INFO:colcon.colcon_core.shell:Creating prefix chain script '/home/mrinmoy/hovercraft_ws/install/setup.zsh'
