running egg_info
creating ../../build/launch_system/launch_system.egg-info
writing ../../build/launch_system/launch_system.egg-info/PKG-INFO
writing dependency_links to ../../build/launch_system/launch_system.egg-info/dependency_links.txt
writing requirements to ../../build/launch_system/launch_system.egg-info/requires.txt
writing top-level names to ../../build/launch_system/launch_system.egg-info/top_level.txt
writing manifest file '../../build/launch_system/launch_system.egg-info/SOURCES.txt'
reading manifest file '../../build/launch_system/launch_system.egg-info/SOURCES.txt'
writing manifest file '../../build/launch_system/launch_system.egg-info/SOURCES.txt'
running build
running build_py
creating /home/mrinmoy/hovercraft_ws/build/launch_system/build
creating /home/mrinmoy/hovercraft_ws/build/launch_system/build/lib
creating /home/mrinmoy/hovercraft_ws/build/launch_system/build/lib/launch_system
copying launch_system/__init__.py -> /home/mrinmoy/hovercraft_ws/build/launch_system/build/lib/launch_system
running install
running install_lib
creating /home/mrinmoy/hovercraft_ws/install/launch_system/lib/python3.12/site-packages/launch_system
copying /home/mrinmoy/hovercraft_ws/build/launch_system/build/lib/launch_system/__init__.py -> /home/mrinmoy/hovercraft_ws/install/launch_system/lib/python3.12/site-packages/launch_system
byte-compiling /home/mrinmoy/hovercraft_ws/install/launch_system/lib/python3.12/site-packages/launch_system/__init__.py to __init__.cpython-312.pyc
running install_data
creating /home/mrinmoy/hovercraft_ws/install/launch_system/share/ament_index
creating /home/mrinmoy/hovercraft_ws/install/launch_system/share/ament_index/resource_index
creating /home/mrinmoy/hovercraft_ws/install/launch_system/share/ament_index/resource_index/packages
copying resource/launch_system -> /home/mrinmoy/hovercraft_ws/install/launch_system/share/ament_index/resource_index/packages
copying package.xml -> /home/mrinmoy/hovercraft_ws/install/launch_system/share/launch_system
running install_egg_info
Copying ../../build/launch_system/launch_system.egg-info to /home/mrinmoy/hovercraft_ws/install/launch_system/lib/python3.12/site-packages/launch_system-0.0.0-py3.12.egg-info
running install_scripts
writing list of installed files to '/home/mrinmoy/hovercraft_ws/build/launch_system/install.log'
